#
# A fatal error has been detected by the Java Runtime Environment:
#
#  EXCEPTION_ACCESS_VIOLATION (0xc0000005) at pc=0x000000005476c810, pid=5144, tid=4832
#
# JRE version: Java(TM) SE Runtime Environment (8.0_45-b15) (build 1.8.0_45-b15)
# Java VM: Java HotSpot(TM) 64-Bit Server VM (25.45-b02 mixed mode windows-amd64 compressed oops)
# Problematic frame:
# C  0x000000005476c810
#
# Failed to write core dump. Minidumps are not enabled by default on client versions of Windows
#
# If you would like to submit a bug report, please visit:
#   http://bugreport.java.com/bugreport/crash.jsp
#

---------------  T H R E A D  ---------------

Current thread (0x00000000021ee000):  GCTaskThread [stack: 0x0000000011fc0000,0x00000000120c0000] [id=4832]

siginfo: ExceptionCode=0xc0000005, ExceptionInformation=0x0000000000000008 0x000000005476c810

Registers:
RAX=0x000000005476c7b8, RBX=0x00000000c0489610, RCX=0x000000001476ce10, RDX=0x00000000c0489610
RSP=0x00000000120bf8a8, RBP=0x00000000c048960c, RSI=0x0000000055058a40, RDI=0x0000000055058a40
R8 =0x000000001476ce10, R9 =0x0000000000000000, R10=0x000000000000000c, R11=0x000000005c0549c8
R12=0x00000000c0489610, R13=0x00000000147e4048, R14=0x00000000147e4050, R15=0x00000000c04895e8
RIP=0x000000005476c810, EFLAGS=0x0000000000010246

Top of Stack: (sp=0x00000000120bf8a8)
0x00000000120bf8a8:   000000005bb72bb4 00000000147e3e58
0x00000000120bf8b8:   00000000c0489a60 0000000055058a40
0x00000000120bf8c8:   000000005bc79a62 0000000000000000
0x00000000120bf8d8:   00000000021ee4a0 00000000021ea280
0x00000000120bf8e8:   0000031200000064 000000000000007d
0x00000000120bf8f8:   000000005be4f680 0000000055058a40
0x00000000120bf908:   0000000000000000 0000000055058a40
0x00000000120bf918:   000000005c0a4a88 0000031100000064
0x00000000120bf928:   0000031200000064 000000005c264040
0x00000000120bf938:   0000000000000005 0000000000000000
0x00000000120bf948:   0000028100000067 00000000c38d5a14
0x00000000120bf958:   000000005bb72be6 00000000c0ae4d70
0x00000000120bf968:   00000000021ea280 00000000021ee4b0
0x00000000120bf978:   00000000021ee4a0 000000005c0a4a88
0x00000000120bf988:   0000000000000001 0000000058be6ec0
0x00000000120bf998:   0000000000000000 0000000055058a40 

Instructions: (pc=0x000000005476c810)
0x000000005476c7f0:   00 69 03 55 00 00 00 00 b0 6c 8d 02 00 00 00 00
0x000000005476c800:   00 00 00 00 00 00 00 00 20 15 8a 02 00 00 00 00
0x000000005476c810:   00 00 00 00 00 00 00 80 a8 a7 76 54 00 00 00 00
0x000000005476c820:   00 00 00 00 00 00 00 00 11 00 00 00 01 00 48 00 


Register to memory mapping:

RAX={method} {0x000000005476c7c0} 'writeObject' '(Ljava/io/ObjectOutputStream;)V' in 'java/lang/Throwable'
RBX=0x00000000c0489610 is an oop
java.util.ArrayList 
 - klass: 'java/util/ArrayList'
RCX=0x000000001476ce10 is pointing into metadata
RDX=0x00000000c0489610 is an oop
java.util.ArrayList 
 - klass: 'java/util/ArrayList'
RSP=0x00000000120bf8a8 is an unknown value
RBP=0x00000000c048960c is pointing into object: 0x00000000c04895e8
com.android.dx.dex.code.OutputFinisher 
 - klass: 'com/android/dx/dex/code/OutputFinisher'
RSI=0x0000000055058a40 is an unknown value
RDI=0x0000000055058a40 is an unknown value
R8 =0x000000001476ce10 is pointing into metadata
R9 =0x0000000000000000 is an unknown value
R10=0x000000000000000c is an unknown value
R11=0x000000005c0549c8 is an unknown value
R12=0x00000000c0489610 is an oop
java.util.ArrayList 
 - klass: 'java/util/ArrayList'
R13=0x00000000147e4048 is pointing into metadata
R14=0x00000000147e4050 is pointing into metadata
R15=0x00000000c04895e8 is an oop
com.android.dx.dex.code.OutputFinisher 
 - klass: 'com/android/dx/dex/code/OutputFinisher'


Stack: [0x0000000011fc0000,0x00000000120c0000],  sp=0x00000000120bf8a8,  free space=1022k
Native frames: (J=compiled Java code, j=interpreted, Vv=VM code, C=native code)
C  0x000000005476c810


---------------  P R O C E S S  ---------------

Java Threads: ( => current thread )
  0x0000000057c73800 JavaThread "pool-2-thread-4" [_thread_blocked, id=2740, stack(0x00000000594b0000,0x00000000595b0000)]
  0x0000000057c72800 JavaThread "pool-2-thread-3" [_thread_blocked, id=3792, stack(0x0000000059360000,0x0000000059460000)]
  0x0000000057c72000 JavaThread "pool-2-thread-2" [_thread_blocked, id=5732, stack(0x0000000057920000,0x0000000057a20000)]
  0x0000000057c71000 JavaThread "pool-3-thread-1" [_thread_blocked, id=6112, stack(0x00000000577a0000,0x00000000578a0000)]
  0x0000000057e02800 JavaThread "pool-2-thread-1" [_thread_blocked, id=4948, stack(0x00000000575b0000,0x00000000576b0000)]
  0x000000005514f800 JavaThread "Service Thread" daemon [_thread_blocked, id=4464, stack(0x0000000056c40000,0x0000000056d40000)]
  0x0000000056479000 JavaThread "C1 CompilerThread2" daemon [_thread_blocked, id=4412, stack(0x0000000057190000,0x0000000057290000)]
  0x0000000056477800 JavaThread "C2 CompilerThread1" daemon [_thread_in_native, id=448, stack(0x0000000056fa0000,0x00000000570a0000)]
  0x0000000056472800 JavaThread "C2 CompilerThread0" daemon [_thread_blocked, id=4440, stack(0x0000000056db0000,0x0000000056eb0000)]
  0x0000000056470800 JavaThread "Attach Listener" daemon [_thread_blocked, id=5228, stack(0x0000000056ac0000,0x0000000056bc0000)]
  0x000000005647c000 JavaThread "Signal Dispatcher" daemon [_thread_blocked, id=3256, stack(0x0000000056920000,0x0000000056a20000)]
  0x00000000550ea800 JavaThread "Finalizer" daemon [_thread_blocked, id=5296, stack(0x0000000056230000,0x0000000056330000)]
  0x00000000550e3800 JavaThread "Reference Handler" daemon [_thread_blocked, id=1228, stack(0x0000000056370000,0x0000000056470000)]
  0x000000000219e800 JavaThread "main" [_thread_blocked, id=4056, stack(0x00000000024c0000,0x00000000025c0000)]

Other Threads:
  0x00000000550de000 VMThread [stack: 0x00000000560d0000,0x00000000561d0000] [id=4312]
  0x00000000564df000 WatcherThread [stack: 0x00000000572e0000,0x00000000573e0000] [id=5996]

=>0x00000000021ee000 (exited) GCTaskThread [stack: 0x0000000011fc0000,0x00000000120c0000] [id=4832]

VM state:at safepoint (normal execution)

VM Mutex/Monitor currently owned by a thread:  ([mutex/lock_event])
[0x000000000219c270] Threads_lock - owner thread: 0x00000000550de000
[0x000000000219c770] Heap_lock - owner thread: 0x0000000057c72800

Heap:
 PSYoungGen      total 281600K, used 36842K [0x00000000eab00000, 0x0000000100000000, 0x0000000100000000)
  eden space 244736K, 0% used [0x00000000eab00000,0x00000000eab00000,0x00000000f9a00000)
  from space 36864K, 99% used [0x00000000fdc00000,0x00000000ffffab50,0x0000000100000000)
  to   space 52224K, 0% used [0x00000000f9a00000,0x00000000f9a00000,0x00000000fcd00000)
 ParOldGen       total 77824K, used 77429K [0x00000000c0000000, 0x00000000c4c00000, 0x00000000eab00000)
  object space 77824K, 99% used [0x00000000c0000000,0x00000000c4b9d678,0x00000000c4c00000)
 Metaspace       used 6509K, capacity 7320K, committed 7680K, reserved 1056768K
  class space    used 614K, capacity 656K, committed 768K, reserved 1048576K

Card table byte_map: [0x0000000011c50000,0x0000000011e60000] byte_map_base: 0x0000000011650000

Marking Bits: (ParMarkBitMap*) 0x000000005c264040
 Begin Bits: [0x0000000012550000, 0x0000000013550000)
 End Bits:   [0x0000000013550000, 0x0000000014550000)

Polling page: 0x0000000000140000

CodeCache: size=245760Kb used=9187Kb max_used=9187Kb free=236572Kb
 bounds [0x0000000002890000, 0x00000000031a0000, 0x0000000011890000]
 total_blobs=2466 nmethods=2197 adapters=182
 compilation: enabled

Compilation events (10 events):
Event: 5.202 Thread 0x0000000056479000 2295       1       com.android.dx.cf.attrib.AttDeprecated::byteLength (3 bytes)
Event: 5.202 Thread 0x0000000056479000 nmethod 2295 0x0000000003161590 code [0x00000000031616e0, 0x00000000031617f0]
Event: 5.282 Thread 0x0000000056479000 2299 %     3       com.android.dx.ssa.PhiTypeResolver::resolveResultType @ 87 (308 bytes)
Event: 5.287 Thread 0x0000000056479000 nmethod 2299% 0x000000000318a150 code [0x000000000318a600, 0x000000000318ddf8]
Event: 5.293 Thread 0x0000000056479000 2300       2       com.android.dx.dex.file.AnnotationUtils::makeCstArray (57 bytes)
Event: 5.294 Thread 0x0000000056479000 nmethod 2300 0x000000000318f950 code [0x000000000318fb40, 0x0000000003190218]
Event: 5.298 Thread 0x0000000056479000 2301       1       com.android.dx.cf.attrib.AttExceptions::getExceptions (5 bytes)
Event: 5.298 Thread 0x0000000056479000 nmethod 2301 0x0000000003190a50 code [0x0000000003190ba0, 0x0000000003190cb0]
Event: 5.300 Thread 0x0000000056479000 2302       1       com.android.dx.cf.direct.DirectClassFile$DcfTypeList::isMutable (2 bytes)
Event: 5.300 Thread 0x0000000056479000 nmethod 2302 0x0000000003190d10 code [0x0000000003190e60, 0x0000000003190f70]

GC Heap History (10 events):
Event: 2.241 GC heap after
Heap after GC invocations=7 (full 0):
 PSYoungGen      total 130048K, used 10724K [0x00000000eab00000, 0x00000000fba00000, 0x0000000100000000)
  eden space 119296K, 0% used [0x00000000eab00000,0x00000000eab00000,0x00000000f1f80000)
  from space 10752K, 99% used [0x00000000f1f80000,0x00000000f29f9210,0x00000000f2a00000)
  to   space 19456K, 0% used [0x00000000fa700000,0x00000000fa700000,0x00000000fba00000)
 ParOldGen       total 40960K, used 23469K [0x00000000c0000000, 0x00000000c2800000, 0x00000000eab00000)
  object space 40960K, 57% used [0x00000000c0000000,0x00000000c16eb4b0,0x00000000c2800000)
 Metaspace       used 6304K, capacity 7152K, committed 7296K, reserved 1056768K
  class space    used 593K, capacity 616K, committed 640K, reserved 1048576K
}
Event: 2.828 GC heap before
{Heap before GC invocations=8 (full 0):
 PSYoungGen      total 130048K, used 130020K [0x00000000eab00000, 0x00000000fba00000, 0x0000000100000000)
  eden space 119296K, 100% used [0x00000000eab00000,0x00000000f1f80000,0x00000000f1f80000)
  from space 10752K, 99% used [0x00000000f1f80000,0x00000000f29f9210,0x00000000f2a00000)
  to   space 19456K, 0% used [0x00000000fa700000,0x00000000fa700000,0x00000000fba00000)
 ParOldGen       total 40960K, used 23469K [0x00000000c0000000, 0x00000000c2800000, 0x00000000eab00000)
  object space 40960K, 57% used [0x00000000c0000000,0x00000000c16eb4b0,0x00000000c2800000)
 Metaspace       used 6459K, capacity 7256K, committed 7424K, reserved 1056768K
  class space    used 614K, capacity 656K, committed 768K, reserved 1048576K
Event: 2.879 GC heap after
Heap after GC invocations=8 (full 0):
 PSYoungGen      total 250880K, used 19425K [0x00000000eab00000, 0x00000000fc800000, 0x0000000100000000)
  eden space 231424K, 0% used [0x00000000eab00000,0x00000000eab00000,0x00000000f8d00000)
  from space 19456K, 99% used [0x00000000fa700000,0x00000000fb9f87e0,0x00000000fba00000)
  to   space 26624K, 0% used [0x00000000f8d00000,0x00000000f8d00000,0x00000000fa700000)
 ParOldGen       total 40960K, used 31817K [0x00000000c0000000, 0x00000000c2800000, 0x00000000eab00000)
  object space 40960K, 77% used [0x00000000c0000000,0x00000000c1f12508,0x00000000c2800000)
 Metaspace       used 6459K, capacity 7256K, committed 7424K, reserved 1056768K
  class space    used 614K, capacity 656K, committed 768K, reserved 1048576K
}
Event: 2.879 GC heap before
{Heap before GC invocations=9 (full 1):
 PSYoungGen      total 250880K, used 19425K [0x00000000eab00000, 0x00000000fc800000, 0x0000000100000000)
  eden space 231424K, 0% used [0x00000000eab00000,0x00000000eab00000,0x00000000f8d00000)
  from space 19456K, 99% used [0x00000000fa700000,0x00000000fb9f87e0,0x00000000fba00000)
  to   space 26624K, 0% used [0x00000000f8d00000,0x00000000f8d00000,0x00000000fa700000)
 ParOldGen       total 40960K, used 31817K [0x00000000c0000000, 0x00000000c2800000, 0x00000000eab00000)
  object space 40960K, 77% used [0x00000000c0000000,0x00000000c1f12508,0x00000000c2800000)
 Metaspace       used 6459K, capacity 7256K, committed 7424K, reserved 1056768K
  class space    used 614K, capacity 656K, committed 768K, reserved 1048576K
Event: 3.276 GC heap after
Heap after GC invocations=9 (full 1):
 PSYoungGen      total 250880K, used 7115K [0x00000000eab00000, 0x00000000fc800000, 0x0000000100000000)
  eden space 231424K, 0% used [0x00000000eab00000,0x00000000eab00000,0x00000000f8d00000)
  from space 19456K, 36% used [0x00000000fa700000,0x00000000fadf2c98,0x00000000fba00000)
  to   space 26624K, 0% used [0x00000000f8d00000,0x00000000f8d00000,0x00000000fa700000)
 ParOldGen       total 77312K, used 40957K [0x00000000c0000000, 0x00000000c4b80000, 0x00000000eab00000)
  object space 77312K, 52% used [0x00000000c0000000,0x00000000c27ff580,0x00000000c4b80000)
 Metaspace       used 6459K, capacity 7256K, committed 7424K, reserved 1056768K
  class space    used 614K, capacity 656K, committed 768K, reserved 1048576K
}
Event: 4.350 GC heap before
{Heap before GC invocations=10 (full 1):
 PSYoungGen      total 250880K, used 238539K [0x00000000eab00000, 0x00000000fc800000, 0x0000000100000000)
  eden space 231424K, 100% used [0x00000000eab00000,0x00000000f8d00000,0x00000000f8d00000)
  from space 19456K, 36% used [0x00000000fa700000,0x00000000fadf2c98,0x00000000fba00000)
  to   space 26624K, 0% used [0x00000000f8d00000,0x00000000f8d00000,0x00000000fa700000)
 ParOldGen       total 77312K, used 40957K [0x00000000c0000000, 0x00000000c4b80000, 0x00000000eab00000)
  object space 77312K, 52% used [0x00000000c0000000,0x00000000c27ff580,0x00000000c4b80000)
 Metaspace       used 6500K, capacity 7256K, committed 7424K, reserved 1056768K
  class space    used 614K, capacity 656K, committed 768K, reserved 1048576K
Event: 4.413 GC heap after
Heap after GC invocations=10 (full 1):
 PSYoungGen      total 258048K, used 26616K [0x00000000eab00000, 0x0000000100000000, 0x0000000100000000)
  eden space 231424K, 0% used [0x00000000eab00000,0x00000000eab00000,0x00000000f8d00000)
  from space 26624K, 99% used [0x00000000f8d00000,0x00000000fa6fe240,0x00000000fa700000)
  to   space 36864K, 0% used [0x00000000fdc00000,0x00000000fdc00000,0x0000000100000000)
 ParOldGen       total 77312K, used 53520K [0x00000000c0000000, 0x00000000c4b80000, 0x00000000eab00000)
  object space 77312K, 69% used [0x00000000c0000000,0x00000000c3444008,0x00000000c4b80000)
 Metaspace       used 6500K, capacity 7256K, committed 7424K, reserved 1056768K
  class space    used 614K, capacity 656K, committed 768K, reserved 1048576K
}
Event: 5.308 GC heap before
{Heap before GC invocations=11 (full 1):
 PSYoungGen      total 258048K, used 258040K [0x00000000eab00000, 0x0000000100000000, 0x0000000100000000)
  eden space 231424K, 100% used [0x00000000eab00000,0x00000000f8d00000,0x00000000f8d00000)
  from space 26624K, 99% used [0x00000000f8d00000,0x00000000fa6fe240,0x00000000fa700000)
  to   space 36864K, 0% used [0x00000000fdc00000,0x00000000fdc00000,0x0000000100000000)
 ParOldGen       total 77312K, used 53520K [0x00000000c0000000, 0x00000000c4b80000, 0x00000000eab00000)
  object space 77312K, 69% used [0x00000000c0000000,0x00000000c3444008,0x00000000c4b80000)
 Metaspace       used 6509K, capacity 7320K, committed 7680K, reserved 1056768K
  class space    used 614K, capacity 656K, committed 768K, reserved 1048576K
Event: 5.422 GC heap after
Heap after GC invocations=11 (full 1):
 PSYoungGen      total 281600K, used 36842K [0x00000000eab00000, 0x0000000100000000, 0x0000000100000000)
  eden space 244736K, 0% used [0x00000000eab00000,0x00000000eab00000,0x00000000f9a00000)
  from space 36864K, 99% used [0x00000000fdc00000,0x00000000ffffab50,0x0000000100000000)
  to   space 52224K, 0% used [0x00000000f9a00000,0x00000000f9a00000,0x00000000fcd00000)
 ParOldGen       total 77824K, used 77429K [0x00000000c0000000, 0x00000000c4c00000, 0x00000000eab00000)
  object space 77824K, 99% used [0x00000000c0000000,0x00000000c4b9d678,0x00000000c4c00000)
 Metaspace       used 6509K, capacity 7320K, committed 7680K, reserved 1056768K
  class space    used 614K, capacity 656K, committed 768K, reserved 1048576K
}
Event: 5.422 GC heap before
{Heap before GC invocations=12 (full 2):
 PSYoungGen      total 281600K, used 36842K [0x00000000eab00000, 0x0000000100000000, 0x0000000100000000)
  eden space 244736K, 0% used [0x00000000eab00000,0x00000000eab00000,0x00000000f9a00000)
  from space 36864K, 99% used [0x00000000fdc00000,0x00000000ffffab50,0x0000000100000000)
  to   space 52224K, 0% used [0x00000000f9a00000,0x00000000f9a00000,0x00000000fcd00000)
 ParOldGen       total 77824K, used 77429K [0x00000000c0000000, 0x00000000c4c00000, 0x00000000eab00000)
  object space 77824K, 99% used [0x00000000c0000000,0x00000000c4b9d678,0x00000000c4c00000)
 Metaspace       used 6509K, capacity 7320K, committed 7680K, reserved 1056768K
  class space    used 614K, capacity 656K, committed 768K, reserved 1048576K

Deoptimization events (10 events):
Event: 2.752 Thread 0x0000000057c73800 Uncommon trap: reason=unstable_if action=reinterpret pc=0x0000000002f76174 method=java.util.HashMap.putVal(ILjava/lang/Object;Ljava/lang/Object;ZZ)Ljava/lang/Object; @ 206
Event: 3.421 Thread 0x0000000057c73800 Uncommon trap: reason=bimorphic action=maybe_recompile pc=0x000000000303ebdc method=com.android.dx.cf.code.BytecodeArray.parseInstruction(ILcom/android/dx/cf/code/BytecodeArray$Visitor;)I @ 1357
Event: 3.421 Thread 0x0000000057c73800 Uncommon trap: reason=bimorphic action=maybe_recompile pc=0x000000000303ebdc method=com.android.dx.cf.code.BytecodeArray.parseInstruction(ILcom/android/dx/cf/code/BytecodeArray$Visitor;)I @ 1357
Event: 4.013 Thread 0x0000000057c73800 Uncommon trap: reason=unstable_if action=reinterpret pc=0x0000000002db3ae0 method=com.android.dx.dex.code.OutputFinisher.hasLocalInfo(Lcom/android/dx/dex/code/DalvInsn;)Z @ 24
Event: 4.214 Thread 0x0000000057e02800 Uncommon trap: reason=unstable_if action=reinterpret pc=0x0000000003087da8 method=java.util.HashMap.resize()[Ljava/util/HashMap$Node; @ 206
Event: 4.556 Thread 0x0000000057e02800 Uncommon trap: reason=unstable_if action=reinterpret pc=0x00000000030c8d6c method=com.android.dx.ssa.SCCP.simulateBranch(Lcom/android/dx/ssa/SsaInsn;)V @ 548
Event: 4.576 Thread 0x0000000057e02800 Uncommon trap: reason=unstable_if action=reinterpret pc=0x0000000003090e70 method=com.android.dx.rop.code.RegisterSpecSet.<init>(I)V @ 2
Event: 4.576 Thread 0x0000000057e02800 Uncommon trap: reason=unstable_if action=reinterpret pc=0x0000000002e72668 method=com.android.dx.rop.code.RegisterSpecSet.<init>(I)V @ 2
Event: 4.626 Thread 0x000000000219e800 Uncommon trap: reason=unstable_if action=reinterpret pc=0x0000000002fc901c method=com.android.dx.ssa.DeadCodeRemover.pruneDeadInstructions()V @ 49
Event: 4.792 Thread 0x000000000219e800 Uncommon trap: reason=unstable_if action=reinterpret pc=0x0000000003101bb8 method=com.android.dx.cf.code.ByteCatchList.listFor(I)Lcom/android/dx/cf/code/ByteCatchList; @ 47

Internal exceptions (7 events):
Event: 0.033 Thread 0x000000000219e800 Exception <a 'java/lang/NoSuchMethodError': Method sun.misc.Unsafe.defineClass(Ljava/lang/String;[BII)Ljava/lang/Class; name or signature does not match> (0x00000000eab0d170) thrown at [C:\re\workspace\8-2-build-windows-amd64-cygwin\jdk8u45\3627\hotspot\sr¡˜ºá*¡?
Event: 0.034 Thread 0x000000000219e800 Exception <a 'java/lang/NoSuchMethodError': Method sun.misc.Unsafe.prefetchRead(Ljava/lang/Object;J)V name or signature does not match> (0x00000000eab0d400) thrown at [C:\re\workspace\8-2-build-windows-amd64-cygwin\jdk8u45\3627\hotspot\src\share\vm\prims\jeh>jð?
Event: 1.026 Thread 0x0000000057e02800 Implicit null exception at 0x0000000002c18b4a to 0x0000000002c1a341
Event: 1.461 Thread 0x0000000057c72800 Implicit null exception at 0x0000000002eaca08 to 0x0000000002eacb75
Event: 2.533 Thread 0x0000000057e02800 Exception <a 'java/lang/ArrayIndexOutOfBoundsException': 18> (0x00000000edfefb60) thrown at [C:\re\workspace\8-2-build-windows-amd64-cygwin\jdk8u45\3627\hotspot\src\share\vm\interpreter\interpreterRuntime.cpp, line 366]
Event: 2.534 Thread 0x0000000057e02800 Exception <a 'java/lang/ArrayIndexOutOfBoundsException': 145> (0x00000000edff1630) thrown at [C:\re\workspace\8-2-build-windows-amd64-cygwin\jdk8u45\3627\hotspot\src\share\vm\interpreter\interpreterRuntime.cpp, line 366]
Event: 2.534 Thread 0x0000000057e02800 Exception <a 'java/lang/ArrayIndexOutOfBoundsException'> (0x00000000edff2868) thrown at [C:\re\workspace\8-2-build-windows-amd64-cygwin\jdk8u45\3627\hotspot\src\share\vm\runtime\sharedRuntime.cpp, line 605]

Events (10 events):
Event: 4.964 Thread 0x0000000057c72000 DEOPT UNPACKING pc=0x00000000028d747f sp=0x0000000057a1e5a8 mode 0
Event: 4.979 Thread 0x0000000057c73800 DEOPT PACKING pc=0x0000000002cb9b05 sp=0x00000000595aeb40
Event: 4.979 Thread 0x0000000057c73800 DEOPT UNPACKING pc=0x00000000028d747f sp=0x00000000595ae8e0 mode 0
Event: 5.090 Thread 0x0000000057c72000 DEOPT PACKING pc=0x0000000002cb9b05 sp=0x0000000057a1e900
Event: 5.090 Thread 0x0000000057c72000 DEOPT UNPACKING pc=0x00000000028d747f sp=0x0000000057a1e6a0 mode 0
Event: 5.166 Thread 0x0000000057c73800 DEOPT PACKING pc=0x0000000002e13451 sp=0x00000000595aeb30
Event: 5.166 Thread 0x0000000057c73800 DEOPT UNPACKING pc=0x00000000028d747f sp=0x00000000595ae898 mode 0
Event: 5.211 Thread 0x0000000057c72800 DEOPT PACKING pc=0x0000000002cb9b05 sp=0x000000005945e580
Event: 5.211 Thread 0x0000000057c72800 DEOPT UNPACKING pc=0x00000000028d747f sp=0x000000005945e320 mode 0
Event: 5.307 Executing VM operation: ParallelGCFailedAllocation


Dynamic libraries:
0x000000013fbc0000 - 0x000000013fbf7000 	C:\Program Files\Java\jdk1.8.0_45\bin\java.exe
0x0000000077b80000 - 0x0000000077d29000 	C:\Windows\SYSTEM32\ntdll.dll
0x0000000077a60000 - 0x0000000077b7f000 	C:\Windows\system32\kernel32.dll
0x000007fefdb80000 - 0x000007fefdbeb000 	C:\Windows\system32\KERNELBASE.dll
0x000007feffdb0000 - 0x000007feffe8b000 	C:\Windows\system32\ADVAPI32.dll
0x000007fefe400000 - 0x000007fefe49f000 	C:\Windows\system32\msvcrt.dll
0x000007feffae0000 - 0x000007feffaff000 	C:\Windows\SYSTEM32\sechost.dll
0x000007fefe750000 - 0x000007fefe87d000 	C:\Windows\system32\RPCRT4.dll
0x0000000077960000 - 0x0000000077a5a000 	C:\Windows\system32\USER32.dll
0x000007feffa70000 - 0x000007feffad7000 	C:\Windows\system32\GDI32.dll
0x000007fefded0000 - 0x000007fefdede000 	C:\Windows\system32\LPK.dll
0x000007fefe4a0000 - 0x000007fefe569000 	C:\Windows\system32\USP10.dll
0x000007fefcb40000 - 0x000007fefcd34000 	C:\Windows\WinSxS\amd64_microsoft.windows.common-controls_6595b64144ccf1df_6.0.7601.17514_none_fa396087175ac9ac\COMCTL32.dll
0x000007feffd30000 - 0x000007feffda1000 	C:\Windows\system32\SHLWAPI.dll
0x000007fefdea0000 - 0x000007fefdece000 	C:\Windows\system32\IMM32.DLL
0x000007feff6b0000 - 0x000007feff7b9000 	C:\Windows\system32\MSCTF.dll
0x0000000057a30000 - 0x0000000057b02000 	C:\Program Files\Java\jdk1.8.0_45\jre\bin\msvcr100.dll
0x000000005ba60000 - 0x000000005c2e3000 	C:\Program Files\Java\jdk1.8.0_45\jre\bin\server\jvm.dll
0x000007fefc1f0000 - 0x000007fefc1f9000 	C:\Windows\system32\WSOCK32.dll
0x000007fefe570000 - 0x000007fefe5bd000 	C:\Windows\system32\WS2_32.dll
0x000007feffa60000 - 0x000007feffa68000 	C:\Windows\system32\NSI.dll
0x000007fefb970000 - 0x000007fefb9ab000 	C:\Windows\system32\WINMM.dll
0x000007fefc9b0000 - 0x000007fefc9bc000 	C:\Windows\system32\VERSION.dll
0x0000000077d40000 - 0x0000000077d47000 	C:\Windows\system32\PSAPI.DLL
0x0000000073cc0000 - 0x0000000073ccf000 	C:\Program Files\Java\jdk1.8.0_45\jre\bin\verify.dll
0x000000006ae20000 - 0x000000006ae49000 	C:\Program Files\Java\jdk1.8.0_45\jre\bin\java.dll
0x0000000070810000 - 0x0000000070826000 	C:\Program Files\Java\jdk1.8.0_45\jre\bin\zip.dll
0x000007fefe920000 - 0x000007feff6a8000 	C:\Windows\system32\SHELL32.dll
0x000007feffb20000 - 0x000007feffd23000 	C:\Windows\system32\ole32.dll
0x000007fefdad0000 - 0x000007fefdadf000 	C:\Windows\system32\profapi.dll
0x000007fefa700000 - 0x000007fefa825000 	C:\Windows\system32\dbghelp.dll

VM Arguments:
jvm_args: -Djava.awt.headless=true -Xmx1024M -Dfile.encoding=windows-1252 -Duser.country=US -Duser.language=en -Duser.variant 
java_command: com.android.dx.command.Main --dex --num-threads=4 --multi-dex --main-dex-list E:\AndroidStudioProjects\Drishti\app\build\intermediates\multi-dex\release\maindexlist.txt --output E:\AndroidStudioProjects\Drishti\app\build\intermediates\transforms\dex\release\folders\1000\1f\main E:\AndroidStudioProjects\Drishti\app\build\intermediates\transforms\jarMerging\release\jars\1\1f\combined.jar
java_class_path (initial): E:\sdk\build-tools\24.0.0\lib\dx.jar
Launcher Type: SUN_STANDARD

Environment Variables:
CLASSPATH=C:\Program Files\jlayer1.0.1\JLayer1.0.1\jl1.0.1.jar;C:\ProgramData\Oracle\Java\javapath;C:\Windows\system32;C:\Windows;C:\Windows\System32\Wbem;C:\Windows\System32\WindowsPowerShell\v1.0\;
PATH=C:\ProgramData\Oracle\Java\javapath;C:\Windows\system32;C:\Windows;C:\Windows\System32\Wbem;C:\Windows\System32\WindowsPowerShell\v1.0\;C:\Program Files\jlayer1.0.1\JLayer1.0.1\jl1.0.1.jar;C:\Program Files\Java\jdk1.8.0_45\bin;;C:\adb
USERNAME=Wagh
OS=Windows_NT
PROCESSOR_IDENTIFIER=Intel64 Family 6 Model 37 Stepping 5, GenuineIntel



---------------  S Y S T E M  ---------------

OS: Windows 7 , 64 bit Build 7601 (6.1.7601.17514)

CPU:total 4 (2 cores per cpu, 2 threads per core) family 6 model 37 stepping 5, cmov, cx8, fxsr, mmx, sse, sse2, sse3, ssse3, sse4.1, sse4.2, popcnt, ht, tsc, tscinvbit

Memory: 4k page, physical 3923448k(442480k free), swap 7845052k(2638356k free)

vm_info: Java HotSpot(TM) 64-Bit Server VM (25.45-b02) for windows-amd64 JRE (1.8.0_45-b15), built on Apr 30 2015 12:40:44 by "java_re" with MS VC++ 10.0 (VS2010)

time: Thu Jun 23 14:08:28 2016
elapsed time: 5 seconds (0d 0h 0m 5s)

