#
# A fatal error has been detected by the Java Runtime Environment:
#
#  EXCEPTION_ACCESS_VIOLATION (0xc0000005) at pc=0x000000005bb72b4b, pid=1476, tid=5912
#
# JRE version: Java(TM) SE Runtime Environment (8.0_45-b15) (build 1.8.0_45-b15)
# Java VM: Java HotSpot(TM) 64-Bit Server VM (25.45-b02 mixed mode windows-amd64 compressed oops)
# Problematic frame:
# V  [jvm.dll+0x112b4b]
#
# Failed to write core dump. Minidumps are not enabled by default on client versions of Windows
#
# If you would like to submit a bug report, please visit:
#   http://bugreport.java.com/bugreport/crash.jsp
#

---------------  T H R E A D  ---------------

Current thread (0x000000000211f800):  GCTaskThread [stack: 0x0000000011de0000,0x0000000011ee0000] [id=5912]

siginfo: ExceptionCode=0xc0000005, reading address 0x0000000000000008

Registers:
RAX=0x00000000124f0000, RBX=0x00000000c1a5f990, RCX=0x0000000000000000, RDX=0x0000000000000001
RSP=0x0000000011edf750, RBP=0x00000000d70cebe0, RSI=0x0000000055016bd0, RDI=0x0000000055016bd0
R8 =0x0000000000000000, R9 =0x000000001476aec0, R10=0x000000000000000c, R11=0x000000005c0549c8
R12=0x00000000d70cebe4, R13=0x000000001476b118, R14=0x000000001476b120, R15=0x00000000d70cebc8
RIP=0x000000005bb72b4b, EFLAGS=0x0000000000010246

Top of Stack: (sp=0x0000000011edf750)
0x0000000011edf750:   000000001476aec0 00000000d70ceba8
0x0000000011edf760:   0000000055016bd0 000000005bc79a62
0x0000000011edf770:   0000000000000000 000000000211fca0
0x0000000011edf780:   000000000211a380 00001403000006b6
0x0000000011edf790:   00000000000006cb 000000005be4f680
0x0000000011edf7a0:   0000000055016bd0 0000000000000000
0x0000000011edf7b0:   0000000055016bd0 000000005c0a4a88
0x0000000011edf7c0:   00001402000006b6 00001403000006b6
0x0000000011edf7d0:   000000005c264040 0000000000000005
0x0000000011edf7e0:   0000000000000000 0000108300000712
0x0000000011edf7f0:   00000000d6eb7f14 000000005bb72be6
0x0000000011edf800:   00000000f32070e0 000000000211a380
0x0000000011edf810:   000000000211fcb0 000000000211fca0
0x0000000011edf820:   000000005c0a4a88 0000000000000002
0x0000000011edf830:   000000005a6fff00 0000000000000000
0x0000000011edf840:   0000000055016bd0 000000005be4d0af 

Instructions: (pc=0x000000005bb72b4b)
0x000000005bb72b2b:   6e 00 84 d2 74 16 44 8b 43 08 8b 0d 6d dc 67 00
0x000000005bb72b3b:   49 d3 e0 4c 03 05 5b dc 67 00 eb 04 4c 8b 43 08
0x000000005bb72b4b:   45 8b 48 08 45 85 c9 7e 0c 41 f6 c1 01 75 4b 41
0x000000005bb72b5b:   c1 f9 03 eb 57 79 43 84 d2 41 8b c9 b8 10 00 00 


Register to memory mapping:

RAX=0x00000000124f0000 is an unknown value
RBX=0x00000000c1a5f990 is pointing into object: 0x00000000c1a5f980
com.android.dx.dex.code.Dop 
 - klass: 'com/android/dx/dex/code/Dop'
RCX=0x0000000000000000 is an unknown value
RDX=0x0000000000000001 is an unknown value
RSP=0x0000000011edf750 is an unknown value
RBP=0x00000000d70cebe0 is pointing into object: 0x00000000d70cebc8
com.android.dx.rop.code.PlainInsn 
 - klass: 'com/android/dx/rop/code/PlainInsn'
RSI=0x0000000055016bd0 is an unknown value
RDI=0x0000000055016bd0 is an unknown value
R8 =0x0000000000000000 is an unknown value
R9 =0x000000001476aec0 is pointing into metadata
R10=0x000000000000000c is an unknown value
R11=0x000000005c0549c8 is an unknown value
R12=0x00000000d70cebe4 is pointing into object: 0x00000000d70cebc8
com.android.dx.rop.code.PlainInsn 
 - klass: 'com/android/dx/rop/code/PlainInsn'
R13=0x000000001476b118 is pointing into metadata
R14=0x000000001476b120 is pointing into metadata
R15=0x00000000d70cebc8 is an oop
com.android.dx.rop.code.PlainInsn 
 - klass: 'com/android/dx/rop/code/PlainInsn'


Stack: [0x0000000011de0000,0x0000000011ee0000],  sp=0x0000000011edf750,  free space=1021k
Native frames: (J=compiled Java code, j=interpreted, Vv=VM code, C=native code)
V  [jvm.dll+0x112b4b]
V  [jvm.dll+0x3ef680]
V  [jvm.dll+0x3ed0af]
V  [jvm.dll+0x3ea33e]
V  [jvm.dll+0x29853a]
C  [msvcr100.dll+0x21d9f]
C  [msvcr100.dll+0x21e3b]
C  [kernel32.dll+0x1652d]
C  [ntdll.dll+0x2c521]


---------------  P R O C E S S  ---------------

Java Threads: ( => current thread )
  0x0000000056723000 JavaThread "pool-2-thread-4" [_thread_blocked, id=5632, stack(0x00000000592e0000,0x00000000593e0000)]
  0x000000005812c800 JavaThread "pool-2-thread-3" [_thread_blocked, id=5628, stack(0x00000000578a0000,0x00000000579a0000)]
  0x0000000057e9d000 JavaThread "pool-2-thread-2" [_thread_blocked, id=5216, stack(0x00000000576f0000,0x00000000577f0000)]
  0x0000000057e9c800 JavaThread "pool-3-thread-1" [_thread_blocked, id=5968, stack(0x00000000575c0000,0x00000000576c0000)]
  0x0000000057dd1800 JavaThread "pool-2-thread-1" [_thread_blocked, id=5116, stack(0x0000000057370000,0x0000000057470000)]
  0x00000000563c5000 JavaThread "Service Thread" daemon [_thread_blocked, id=1112, stack(0x0000000056e90000,0x0000000056f90000)]
  0x00000000563a8800 JavaThread "C1 CompilerThread2" daemon [_thread_blocked, id=2292, stack(0x0000000056fc0000,0x00000000570c0000)]
  0x00000000563a7800 JavaThread "C2 CompilerThread1" daemon [_thread_blocked, id=5664, stack(0x0000000056d10000,0x0000000056e10000)]
  0x0000000056352800 JavaThread "C2 CompilerThread0" daemon [_thread_in_native, id=5876, stack(0x0000000056b80000,0x0000000056c80000)]
  0x0000000056350800 JavaThread "Attach Listener" daemon [_thread_blocked, id=5460, stack(0x00000000569a0000,0x0000000056aa0000)]
  0x00000000550e3800 JavaThread "Signal Dispatcher" daemon [_thread_blocked, id=5396, stack(0x0000000056800000,0x0000000056900000)]
  0x0000000055088800 JavaThread "Finalizer" daemon [_thread_blocked, id=1088, stack(0x0000000056250000,0x0000000056350000)]
  0x0000000055081800 JavaThread "Reference Handler" daemon [_thread_blocked, id=5872, stack(0x0000000056050000,0x0000000056150000)]
  0x000000000008e800 JavaThread "main" [_thread_blocked, id=5760, stack(0x0000000002400000,0x0000000002500000)]

Other Threads:
  0x000000005507c000 VMThread [stack: 0x0000000055f50000,0x0000000056050000] [id=4060]
  0x00000000563be000 WatcherThread [stack: 0x0000000057230000,0x0000000057330000] [id=3032]

=>0x000000000211f800 (exited) GCTaskThread [stack: 0x0000000011de0000,0x0000000011ee0000] [id=5912]

VM state:at safepoint (normal execution)

VM Mutex/Monitor currently owned by a thread:  ([mutex/lock_event])
[0x000000000008c270] Threads_lock - owner thread: 0x000000005507c000
[0x000000000008c770] Heap_lock - owner thread: 0x0000000056723000

Heap:
 PSYoungGen      total 232960K, used 52453K [0x00000000eab00000, 0x0000000100000000, 0x0000000100000000)
  eden space 116736K, 0% used [0x00000000eab00000,0x00000000eab00000,0x00000000f1d00000)
  from space 116224K, 45% used [0x00000000f1d00000,0x00000000f5039520,0x00000000f8e80000)
  to   space 116224K, 0% used [0x00000000f8e80000,0x00000000f8e80000,0x0000000100000000)
 ParOldGen       total 424960K, used 387532K [0x00000000c0000000, 0x00000000d9f00000, 0x00000000eab00000)
  object space 424960K, 91% used [0x00000000c0000000,0x00000000d7a73010,0x00000000d9f00000)
 Metaspace       used 6577K, capacity 7320K, committed 7680K, reserved 1056768K
  class space    used 617K, capacity 656K, committed 768K, reserved 1048576K

Card table byte_map: [0x0000000011b90000,0x0000000011da0000] byte_map_base: 0x0000000011590000

Marking Bits: (ParMarkBitMap*) 0x000000005c264040
 Begin Bits: [0x00000000124f0000, 0x00000000134f0000)
 End Bits:   [0x00000000134f0000, 0x00000000144f0000)

Polling page: 0x0000000000240000

CodeCache: size=245760Kb used=14055Kb max_used=14055Kb free=231704Kb
 bounds [0x00000000027d0000, 0x00000000035a0000, 0x00000000117d0000]
 total_blobs=3075 nmethods=2806 adapters=182
 compilation: enabled

Compilation events (10 events):
Event: 21.243 Thread 0x00000000563a8800 2928       2       com.android.dx.ssa.back.RegisterAllocator::insertMoveBefore (240 bytes)
Event: 21.246 Thread 0x00000000563a8800 nmethod 2928 0x000000000358b490 code [0x000000000358b7c0, 0x000000000358c768]
Event: 21.253 Thread 0x00000000563a8800 2929       2       com.android.dx.util.Bits::bitCount (29 bytes)
Event: 21.254 Thread 0x00000000563a8800 nmethod 2929 0x000000000358b010 code [0x000000000358b180, 0x000000000358b368]
Event: 21.377 Thread 0x00000000563a8800 2930       3       com.android.dx.util.LabeledList::getMaxLabel (47 bytes)
Event: 21.377 Thread 0x00000000563a8800 nmethod 2930 0x0000000003572f10 code [0x00000000035730a0, 0x0000000003573518]
Event: 21.452 Thread 0x00000000563a8800 2932 %     3       com.android.dx.dex.file.ValueEncoder::addContents @ 30 (75 bytes)
Event: 21.454 Thread 0x00000000563a8800 nmethod 2932% 0x0000000003570a90 code [0x0000000003570d40, 0x0000000003572358]
Event: 21.558 Thread 0x00000000563a8800 2934       3       com.android.dx.dex.file.ValueEncoder::addContents (75 bytes)
Event: 21.561 Thread 0x00000000563a8800 nmethod 2934 0x0000000003593d90 code [0x0000000003594040, 0x0000000003595678]

GC Heap History (10 events):
Event: 18.294 GC heap after
Heap after GC invocations=23 (full 4):
 PSYoungGen      total 246784K, used 81114K [0x00000000eab00000, 0x0000000100000000, 0x0000000100000000)
  eden space 165376K, 0% used [0x00000000eab00000,0x00000000eab00000,0x00000000f4c80000)
  from space 81408K, 99% used [0x00000000f4c80000,0x00000000f9bb6bd0,0x00000000f9c00000)
  to   space 102400K, 0% used [0x00000000f9c00000,0x00000000f9c00000,0x0000000100000000)
 ParOldGen       total 424960K, used 280526K [0x00000000c0000000, 0x00000000d9f00000, 0x00000000eab00000)
  object space 424960K, 66% used [0x00000000c0000000,0x00000000d11f3a18,0x00000000d9f00000)
 Metaspace       used 6564K, capacity 7320K, committed 7680K, reserved 1056768K
  class space    used 616K, capacity 656K, committed 768K, reserved 1048576K
}
Event: 18.876 GC heap before
{Heap before GC invocations=24 (full 4):
 PSYoungGen      total 246784K, used 246490K [0x00000000eab00000, 0x0000000100000000, 0x0000000100000000)
  eden space 165376K, 100% used [0x00000000eab00000,0x00000000f4c80000,0x00000000f4c80000)
  from space 81408K, 99% used [0x00000000f4c80000,0x00000000f9bb6bd0,0x00000000f9c00000)
  to   space 102400K, 0% used [0x00000000f9c00000,0x00000000f9c00000,0x0000000100000000)
 ParOldGen       total 424960K, used 280526K [0x00000000c0000000, 0x00000000d9f00000, 0x00000000eab00000)
  object space 424960K, 66% used [0x00000000c0000000,0x00000000d11f3a18,0x00000000d9f00000)
 Metaspace       used 6567K, capacity 7320K, committed 7680K, reserved 1056768K
  class space    used 616K, capacity 656K, committed 768K, reserved 1048576K
Event: 19.531 GC heap after
Heap after GC invocations=24 (full 4):
 PSYoungGen      total 219136K, used 102373K [0x00000000eab00000, 0x0000000100000000, 0x0000000100000000)
  eden space 116736K, 0% used [0x00000000eab00000,0x00000000eab00000,0x00000000f1d00000)
  from space 102400K, 99% used [0x00000000f9c00000,0x00000000ffff9570,0x0000000100000000)
  to   space 116224K, 0% used [0x00000000f1d00000,0x00000000f1d00000,0x00000000f8e80000)
 ParOldGen       total 424960K, used 284586K [0x00000000c0000000, 0x00000000d9f00000, 0x00000000eab00000)
  object space 424960K, 66% used [0x00000000c0000000,0x00000000d15ea9e0,0x00000000d9f00000)
 Metaspace       used 6567K, capacity 7320K, committed 7680K, reserved 1056768K
  class space    used 616K, capacity 656K, committed 768K, reserved 1048576K
}
Event: 20.106 GC heap before
{Heap before GC invocations=25 (full 4):
 PSYoungGen      total 219136K, used 219109K [0x00000000eab00000, 0x0000000100000000, 0x0000000100000000)
  eden space 116736K, 100% used [0x00000000eab00000,0x00000000f1d00000,0x00000000f1d00000)
  from space 102400K, 99% used [0x00000000f9c00000,0x00000000ffff9570,0x0000000100000000)
  to   space 116224K, 0% used [0x00000000f1d00000,0x00000000f1d00000,0x00000000f8e80000)
 ParOldGen       total 424960K, used 284586K [0x00000000c0000000, 0x00000000d9f00000, 0x00000000eab00000)
  object space 424960K, 66% used [0x00000000c0000000,0x00000000d15ea9e0,0x00000000d9f00000)
 Metaspace       used 6567K, capacity 7320K, committed 7680K, reserved 1056768K
  class space    used 616K, capacity 656K, committed 768K, reserved 1048576K
Event: 20.351 GC heap after
Heap after GC invocations=25 (full 4):
 PSYoungGen      total 232960K, used 115610K [0x00000000eab00000, 0x0000000100000000, 0x0000000100000000)
  eden space 116736K, 0% used [0x00000000eab00000,0x00000000eab00000,0x00000000f1d00000)
  from space 116224K, 99% used [0x00000000f1d00000,0x00000000f8de6978,0x00000000f8e80000)
  to   space 116224K, 0% used [0x00000000f8e80000,0x00000000f8e80000,0x0000000100000000)
 ParOldGen       total 424960K, used 289990K [0x00000000c0000000, 0x00000000d9f00000, 0x00000000eab00000)
  object space 424960K, 68% used [0x00000000c0000000,0x00000000d1b31af0,0x00000000d9f00000)
 Metaspace       used 6567K, capacity 7320K, committed 7680K, reserved 1056768K
  class space    used 616K, capacity 656K, committed 768K, reserved 1048576K
}
Event: 20.832 GC heap before
{Heap before GC invocations=26 (full 4):
 PSYoungGen      total 232960K, used 232346K [0x00000000eab00000, 0x0000000100000000, 0x0000000100000000)
  eden space 116736K, 100% used [0x00000000eab00000,0x00000000f1d00000,0x00000000f1d00000)
  from space 116224K, 99% used [0x00000000f1d00000,0x00000000f8de6978,0x00000000f8e80000)
  to   space 116224K, 0% used [0x00000000f8e80000,0x00000000f8e80000,0x0000000100000000)
 ParOldGen       total 424960K, used 289990K [0x00000000c0000000, 0x00000000d9f00000, 0x00000000eab00000)
  object space 424960K, 68% used [0x00000000c0000000,0x00000000d1b31af0,0x00000000d9f00000)
 Metaspace       used 6567K, capacity 7320K, committed 7680K, reserved 1056768K
  class space    used 616K, capacity 656K, committed 768K, reserved 1048576K
Event: 21.108 GC heap after
Heap after GC invocations=26 (full 4):
 PSYoungGen      total 232960K, used 92101K [0x00000000eab00000, 0x0000000100000000, 0x0000000100000000)
  eden space 116736K, 0% used [0x00000000eab00000,0x00000000eab00000,0x00000000f1d00000)
  from space 116224K, 79% used [0x00000000f8e80000,0x00000000fe871568,0x0000000100000000)
  to   space 116224K, 0% used [0x00000000f1d00000,0x00000000f1d00000,0x00000000f8e80000)
 ParOldGen       total 424960K, used 337197K [0x00000000c0000000, 0x00000000d9f00000, 0x00000000eab00000)
  object space 424960K, 79% used [0x00000000c0000000,0x00000000d494b498,0x00000000d9f00000)
 Metaspace       used 6567K, capacity 7320K, committed 7680K, reserved 1056768K
  class space    used 616K, capacity 656K, committed 768K, reserved 1048576K
}
Event: 21.586 GC heap before
{Heap before GC invocations=27 (full 4):
 PSYoungGen      total 232960K, used 208837K [0x00000000eab00000, 0x0000000100000000, 0x0000000100000000)
  eden space 116736K, 100% used [0x00000000eab00000,0x00000000f1d00000,0x00000000f1d00000)
  from space 116224K, 79% used [0x00000000f8e80000,0x00000000fe871568,0x0000000100000000)
  to   space 116224K, 0% used [0x00000000f1d00000,0x00000000f1d00000,0x00000000f8e80000)
 ParOldGen       total 424960K, used 337197K [0x00000000c0000000, 0x00000000d9f00000, 0x00000000eab00000)
  object space 424960K, 79% used [0x00000000c0000000,0x00000000d494b498,0x00000000d9f00000)
 Metaspace       used 6577K, capacity 7320K, committed 7680K, reserved 1056768K
  class space    used 617K, capacity 656K, committed 768K, reserved 1048576K
Event: 21.781 GC heap after
Heap after GC invocations=27 (full 4):
 PSYoungGen      total 232960K, used 52453K [0x00000000eab00000, 0x0000000100000000, 0x0000000100000000)
  eden space 116736K, 0% used [0x00000000eab00000,0x00000000eab00000,0x00000000f1d00000)
  from space 116224K, 45% used [0x00000000f1d00000,0x00000000f5039520,0x00000000f8e80000)
  to   space 116224K, 0% used [0x00000000f8e80000,0x00000000f8e80000,0x0000000100000000)
 ParOldGen       total 424960K, used 387532K [0x00000000c0000000, 0x00000000d9f00000, 0x00000000eab00000)
  object space 424960K, 91% used [0x00000000c0000000,0x00000000d7a73010,0x00000000d9f00000)
 Metaspace       used 6577K, capacity 7320K, committed 7680K, reserved 1056768K
  class space    used 617K, capacity 656K, committed 768K, reserved 1048576K
}
Event: 21.781 GC heap before
{Heap before GC invocations=28 (full 5):
 PSYoungGen      total 232960K, used 52453K [0x00000000eab00000, 0x0000000100000000, 0x0000000100000000)
  eden space 116736K, 0% used [0x00000000eab00000,0x00000000eab00000,0x00000000f1d00000)
  from space 116224K, 45% used [0x00000000f1d00000,0x00000000f5039520,0x00000000f8e80000)
  to   space 116224K, 0% used [0x00000000f8e80000,0x00000000f8e80000,0x0000000100000000)
 ParOldGen       total 424960K, used 387532K [0x00000000c0000000, 0x00000000d9f00000, 0x00000000eab00000)
  object space 424960K, 91% used [0x00000000c0000000,0x00000000d7a73010,0x00000000d9f00000)
 Metaspace       used 6577K, capacity 7320K, committed 7680K, reserved 1056768K
  class space    used 617K, capacity 656K, committed 768K, reserved 1048576K

Deoptimization events (10 events):
Event: 17.743 Thread 0x000000005812c800 Uncommon trap: reason=unstable_if action=reinterpret pc=0x000000000340aafc method=java.util.HashMap$TreeNode.find(ILjava/lang/Object;Ljava/lang/Class;)Ljava/util/HashMap$TreeNode; @ 58
Event: 17.860 Thread 0x0000000057dd1800 Uncommon trap: reason=unstable_if action=reinterpret pc=0x000000000348c38c method=com.android.dx.cf.code.Merger.mergeType(Lcom/android/dx/rop/type/TypeBearer;Lcom/android/dx/rop/type/TypeBearer;)Lcom/android/dx/rop/type/TypeBearer; @ 133
Event: 17.895 Thread 0x0000000057dd1800 Uncommon trap: reason=unstable_if action=reinterpret pc=0x0000000003362984 method=com.android.dx.ssa.SsaMethod.onInsnRemoved(Lcom/android/dx/ssa/SsaInsn;)V @ 29
Event: 17.895 Thread 0x0000000057dd1800 Uncommon trap: reason=unstable_if action=reinterpret pc=0x000000000331d810 method=com.android.dx.ssa.PhiInsn.getSources()Lcom/android/dx/rop/code/RegisterSpecList; @ 19
Event: 17.895 Thread 0x0000000057dd1800 Uncommon trap: reason=unstable_if action=reinterpret pc=0x0000000003448d3c method=com.android.dx.ssa.PhiInsn.getSources()Lcom/android/dx/rop/code/RegisterSpecList; @ 19
Event: 21.109 Thread 0x0000000056723000 Uncommon trap: reason=predicate action=maybe_recompile pc=0x000000000325d558 method=com.android.dx.ssa.DomFront.run()[Lcom/android/dx/ssa/DomFront$DomInfo; @ 175
Event: 21.123 Thread 0x0000000056723000 Uncommon trap: reason=class_check action=maybe_recompile pc=0x0000000003164284 method=com.android.dx.ssa.SsaConverter.placePhiFunctions(Lcom/android/dx/ssa/SsaMethod;Lcom/android/dx/ssa/LocalVariableInfo;I)V @ 257
Event: 21.127 Thread 0x0000000056723000 Uncommon trap: reason=class_check action=maybe_recompile pc=0x00000000031997b4 method=com.android.dx.ssa.SsaConverter.placePhiFunctions(Lcom/android/dx/ssa/SsaMethod;Lcom/android/dx/ssa/LocalVariableInfo;I)V @ 257
Event: 21.129 Thread 0x0000000056723000 Uncommon trap: reason=class_check action=maybe_recompile pc=0x00000000031997b4 method=com.android.dx.ssa.SsaConverter.placePhiFunctions(Lcom/android/dx/ssa/SsaMethod;Lcom/android/dx/ssa/LocalVariableInfo;I)V @ 257
Event: 21.129 Thread 0x0000000056723000 Uncommon trap: reason=class_check action=maybe_recompile pc=0x00000000031997b4 method=com.android.dx.ssa.SsaConverter.placePhiFunctions(Lcom/android/dx/ssa/SsaMethod;Lcom/android/dx/ssa/LocalVariableInfo;I)V @ 257

Internal exceptions (10 events):
Event: 0.033 Thread 0x000000000008e800 Exception <a 'java/lang/NoSuchMethodError': Method sun.misc.Unsafe.defineClass(Ljava/lang/String;[BII)Ljava/lang/Class; name or signature does not match> (0x00000000eab0d170) thrown at [C:\re\workspace\8-2-build-windows-amd64-cygwin\jdk8u45\3627\hotspot\sr≥ﬂ¿È8·†?
Event: 0.033 Thread 0x000000000008e800 Exception <a 'java/lang/NoSuchMethodError': Method sun.misc.Unsafe.prefetchRead(Ljava/lang/Object;J)V name or signature does not match> (0x00000000eab0d400) thrown at [C:\re\workspace\8-2-build-windows-amd64-cygwin\jdk8u45\3627\hotspot\src\share\vm\prims\j∆∏)S∏2Ú?
Event: 1.137 Thread 0x0000000057dd1800 Implicit null exception at 0x0000000002b6d292 to 0x0000000002b6d382
Event: 1.711 Thread 0x0000000057dd1800 Implicit null exception at 0x0000000002bb6543 to 0x0000000002bb66ad
Event: 2.719 Thread 0x000000005812c800 Exception <a 'java/lang/ArrayIndexOutOfBoundsException': 18> (0x00000000edbb3ab8) thrown at [C:\re\workspace\8-2-build-windows-amd64-cygwin\jdk8u45\3627\hotspot\src\share\vm\interpreter\interpreterRuntime.cpp, line 366]
Event: 2.719 Thread 0x000000005812c800 Exception <a 'java/lang/ArrayIndexOutOfBoundsException': 145> (0x00000000edbb5588) thrown at [C:\re\workspace\8-2-build-windows-amd64-cygwin\jdk8u45\3627\hotspot\src\share\vm\interpreter\interpreterRuntime.cpp, line 366]
Event: 2.723 Thread 0x000000005812c800 Exception <a 'java/lang/ArrayIndexOutOfBoundsException'> (0x00000000edbb67c0) thrown at [C:\re\workspace\8-2-build-windows-amd64-cygwin\jdk8u45\3627\hotspot\src\share\vm\runtime\sharedRuntime.cpp, line 605]
Event: 3.910 Thread 0x0000000056723000 Implicit null exception at 0x0000000002fb7187 to 0x0000000002fb8bc9
Event: 8.040 Thread 0x000000000008e800 Implicit null exception at 0x000000000295a728 to 0x000000000295ab49
Event: 17.895 Thread 0x0000000057dd1800 Implicit null exception at 0x0000000003360bed to 0x000000000336293d

Events (10 events):
Event: 21.461 Thread 0x000000000008e800 DEOPT UNPACKING pc=0x000000000281747f sp=0x00000000024fe7e0 mode 0
Event: 21.474 Thread 0x000000005812c800 DEOPT PACKING pc=0x0000000003516c87 sp=0x000000005799e490
Event: 21.474 Thread 0x000000005812c800 DEOPT UNPACKING pc=0x000000000281747f sp=0x000000005799e240 mode 0
Event: 21.481 Thread 0x0000000057dd1800 DEOPT PACKING pc=0x0000000002c2a561 sp=0x000000005746eb90
Event: 21.481 Thread 0x0000000057dd1800 DEOPT UNPACKING pc=0x000000000281747f sp=0x000000005746e9a0 mode 0
Event: 21.516 Thread 0x000000005812c800 DEOPT PACKING pc=0x0000000003516c87 sp=0x000000005799e490
Event: 21.516 Thread 0x000000005812c800 DEOPT UNPACKING pc=0x000000000281747f sp=0x000000005799e240 mode 0
Event: 21.551 Thread 0x0000000057dd1800 DEOPT PACKING pc=0x0000000003516c87 sp=0x000000005746ead0
Event: 21.551 Thread 0x0000000057dd1800 DEOPT UNPACKING pc=0x000000000281747f sp=0x000000005746e880 mode 0
Event: 21.574 Executing VM operation: ParallelGCFailedAllocation


Dynamic libraries:
0x000000013fbc0000 - 0x000000013fbf7000 	C:\Program Files\Java\jdk1.8.0_45\bin\java.exe
0x0000000077b80000 - 0x0000000077d29000 	C:\Windows\SYSTEM32\ntdll.dll
0x0000000077a60000 - 0x0000000077b7f000 	C:\Windows\system32\kernel32.dll
0x000007fefdb80000 - 0x000007fefdbeb000 	C:\Windows\system32\KERNELBASE.dll
0x000007feffdb0000 - 0x000007feffe8b000 	C:\Windows\system32\ADVAPI32.dll
0x000007fefe400000 - 0x000007fefe49f000 	C:\Windows\system32\msvcrt.dll
0x000007feffae0000 - 0x000007feffaff000 	C:\Windows\SYSTEM32\sechost.dll
0x000007fefe750000 - 0x000007fefe87d000 	C:\Windows\system32\RPCRT4.dll
0x0000000077960000 - 0x0000000077a5a000 	C:\Windows\system32\USER32.dll
0x000007feffa70000 - 0x000007feffad7000 	C:\Windows\system32\GDI32.dll
0x000007fefded0000 - 0x000007fefdede000 	C:\Windows\system32\LPK.dll
0x000007fefe4a0000 - 0x000007fefe569000 	C:\Windows\system32\USP10.dll
0x000007fefcb40000 - 0x000007fefcd34000 	C:\Windows\WinSxS\amd64_microsoft.windows.common-controls_6595b64144ccf1df_6.0.7601.17514_none_fa396087175ac9ac\COMCTL32.dll
0x000007feffd30000 - 0x000007feffda1000 	C:\Windows\system32\SHLWAPI.dll
0x000007fefdea0000 - 0x000007fefdece000 	C:\Windows\system32\IMM32.DLL
0x000007feff6b0000 - 0x000007feff7b9000 	C:\Windows\system32\MSCTF.dll
0x0000000057a30000 - 0x0000000057b02000 	C:\Program Files\Java\jdk1.8.0_45\jre\bin\msvcr100.dll
0x000000005ba60000 - 0x000000005c2e3000 	C:\Program Files\Java\jdk1.8.0_45\jre\bin\server\jvm.dll
0x000007fefc1f0000 - 0x000007fefc1f9000 	C:\Windows\system32\WSOCK32.dll
0x000007fefe570000 - 0x000007fefe5bd000 	C:\Windows\system32\WS2_32.dll
0x000007feffa60000 - 0x000007feffa68000 	C:\Windows\system32\NSI.dll
0x000007fefb970000 - 0x000007fefb9ab000 	C:\Windows\system32\WINMM.dll
0x000007fefc9b0000 - 0x000007fefc9bc000 	C:\Windows\system32\VERSION.dll
0x0000000077d40000 - 0x0000000077d47000 	C:\Windows\system32\PSAPI.DLL
0x0000000073cc0000 - 0x0000000073ccf000 	C:\Program Files\Java\jdk1.8.0_45\jre\bin\verify.dll
0x000000006ae20000 - 0x000000006ae49000 	C:\Program Files\Java\jdk1.8.0_45\jre\bin\java.dll
0x0000000070810000 - 0x0000000070826000 	C:\Program Files\Java\jdk1.8.0_45\jre\bin\zip.dll
0x000007fefe920000 - 0x000007feff6a8000 	C:\Windows\system32\SHELL32.dll
0x000007feffb20000 - 0x000007feffd23000 	C:\Windows\system32\ole32.dll
0x000007fefdad0000 - 0x000007fefdadf000 	C:\Windows\system32\profapi.dll
0x000007fefa700000 - 0x000007fefa825000 	C:\Windows\system32\dbghelp.dll

VM Arguments:
jvm_args: -Djava.awt.headless=true -Xmx1024M -Dfile.encoding=windows-1252 -Duser.country=US -Duser.language=en -Duser.variant 
java_command: com.android.dx.command.Main --dex --num-threads=4 --multi-dex --main-dex-list E:\AndroidStudioProjects\Drishti\app\build\intermediates\multi-dex\release\maindexlist.txt --output E:\AndroidStudioProjects\Drishti\app\build\intermediates\transforms\dex\release\folders\1000\1f\main E:\AndroidStudioProjects\Drishti\app\build\intermediates\transforms\jarMerging\release\jars\1\1f\combined.jar
java_class_path (initial): E:\sdk\build-tools\24.0.0\lib\dx.jar
Launcher Type: SUN_STANDARD

Environment Variables:
CLASSPATH=C:\Program Files\jlayer1.0.1\JLayer1.0.1\jl1.0.1.jar;C:\ProgramData\Oracle\Java\javapath;C:\Windows\system32;C:\Windows;C:\Windows\System32\Wbem;C:\Windows\System32\WindowsPowerShell\v1.0\;
PATH=C:\ProgramData\Oracle\Java\javapath;C:\Windows\system32;C:\Windows;C:\Windows\System32\Wbem;C:\Windows\System32\WindowsPowerShell\v1.0\;C:\Program Files\jlayer1.0.1\JLayer1.0.1\jl1.0.1.jar;C:\Program Files\Java\jdk1.8.0_45\bin;;C:\adb
USERNAME=Wagh
OS=Windows_NT
PROCESSOR_IDENTIFIER=Intel64 Family 6 Model 37 Stepping 5, GenuineIntel



---------------  S Y S T E M  ---------------

OS: Windows 7 , 64 bit Build 7601 (6.1.7601.17514)

CPU:total 4 (2 cores per cpu, 2 threads per core) family 6 model 37 stepping 5, cmov, cx8, fxsr, mmx, sse, sse2, sse3, ssse3, sse4.1, sse4.2, popcnt, ht, tsc, tscinvbit

Memory: 4k page, physical 3923448k(204972k free), swap 7845052k(2404480k free)

vm_info: Java HotSpot(TM) 64-Bit Server VM (25.45-b02) for windows-amd64 JRE (1.8.0_45-b15), built on Apr 30 2015 12:40:44 by "java_re" with MS VC++ 10.0 (VS2010)

time: Thu Jun 23 14:02:14 2016
elapsed time: 22 seconds (0d 0h 0m 22s)

